Build started 10/16/2010 1:47:44 PM.
     1>Project "C:\Users\Jim\SourceCode\CPP\OpenCV\Simple\Simple.vcxproj" on node 2 (rebuild target(s)).
     1>_PrepareForClean:
         Deleting file "Debug\Simple.lastbuildstate".
       InitializeBuildStatus:
         Creating "Debug\Simple.unsuccessfulbuild" because "AlwaysCreate" was specified.
       ClCompile:
         C:\Program Files (x86)\Microsoft Visual Studio 10.0\VC\bin\CL.exe /c /ZI /nologo /W3 /WX- /Od /Oy- /D WIN32 /D _DEBUG /D _CONSOLE /D _MBCS /Gm /EHsc /RTC1 /MTd /GS /fp:precise /Zc:wchar_t /Zc:forScope /Fo"Debug\\" /Fd"Debug\vc100.pdb" /Gd /TP /analyze- /errorReport:prompt Simple.cpp
         Simple.cpp
       ManifestResourceCompile:
         C:\Program Files (x86)\Microsoft SDKs\Windows\v7.0A\bin\rc.exe /nologo /fo"Debug\Simple.exe.embed.manifest.res" Debug\Simple_manifest.rc 
       Link:
         C:\Program Files (x86)\Microsoft Visual Studio 10.0\VC\bin\link.exe /ERRORREPORT:PROMPT /OUT:"Debug\Simple.exe" /INCREMENTAL /NOLOGO cv.lib highgui.lib cvaux.lib ml.lib cxcore.lib kernel32.lib user32.lib gdi32.lib winspool.lib comdlg32.lib advapi32.lib shell32.lib ole32.lib oleaut32.lib uuid.lib odbc32.lib odbccp32.lib /MANIFEST /ManifestFile:"Debug\Simple.exe.intermediate.manifest" /MANIFESTUAC:"level='asInvoker' uiAccess='false'" /DEBUG /PDB:"Debug\Simple.pdb" /SUBSYSTEM:CONSOLE /TLBID:1 /DYNAMICBASE /NXCOMPAT /IMPLIB:"Debug\Simple.lib" /MACHINE:X86 Debug\Simple.exe.embed.manifest.res
         Debug\Simple.obj
       Manifest:
         Deleting file "Debug\Simple.exe.embed.manifest".
         C:\Program Files (x86)\Microsoft SDKs\Windows\v7.0A\bin\mt.exe /nologo /verbose /out:"Debug\Simple.exe.embed.manifest" /manifest Debug\Simple.exe.intermediate.manifest
         C:\Program Files (x86)\Microsoft SDKs\Windows\v7.0A\bin\rc.exe /nologo /fo"Debug\Simple.exe.embed.manifest.res" Debug\Simple_manifest.rc 
       LinkEmbedManifest:
         C:\Program Files (x86)\Microsoft Visual Studio 10.0\VC\bin\link.exe /ERRORREPORT:PROMPT /OUT:"Debug\Simple.exe" /INCREMENTAL /NOLOGO cv.lib highgui.lib cvaux.lib ml.lib cxcore.lib kernel32.lib user32.lib gdi32.lib winspool.lib comdlg32.lib advapi32.lib shell32.lib ole32.lib oleaut32.lib uuid.lib odbc32.lib odbccp32.lib /MANIFEST /ManifestFile:"Debug\Simple.exe.intermediate.manifest" /MANIFESTUAC:"level='asInvoker' uiAccess='false'" /DEBUG /PDB:"Debug\Simple.pdb" /SUBSYSTEM:CONSOLE /TLBID:1 /DYNAMICBASE /NXCOMPAT /IMPLIB:"Debug\Simple.lib" /MACHINE:X86 Debug\Simple.exe.embed.manifest.res
         Debug\Simple.obj
         Simple.vcxproj -> C:\Users\Jim\SourceCode\CPP\OpenCV\Simple\Debug\Simple.exe
       FinalizeBuildStatus:
         Deleting file "Debug\Simple.unsuccessfulbuild".
         Touching "Debug\Simple.lastbuildstate".
     1>Done Building Project "C:\Users\Jim\SourceCode\CPP\OpenCV\Simple\Simple.vcxproj" (rebuild target(s)).

Build succeeded.

Time Elapsed 00:00:01.68
