C:\Users\Jim\SourceCode\CPP\OpenCV\Simple\Debug\cl.command.1.tlog
C:\Users\Jim\SourceCode\CPP\OpenCV\Simple\Debug\CL.read.1.tlog
C:\Users\Jim\SourceCode\CPP\OpenCV\Simple\Debug\CL.write.1.tlog
C:\Users\Jim\SourceCode\CPP\OpenCV\Simple\Debug\link.4832.read.1.tlog
C:\Users\Jim\SourceCode\CPP\OpenCV\Simple\Debug\link.4832.write.1.tlog
C:\Users\Jim\SourceCode\CPP\OpenCV\Simple\Debug\link.4832-cvtres.read.1.tlog
C:\Users\Jim\SourceCode\CPP\OpenCV\Simple\Debug\link.4832-cvtres.write.1.tlog
C:\Users\Jim\SourceCode\CPP\OpenCV\Simple\Debug\link.command.1.tlog
C:\Users\Jim\SourceCode\CPP\OpenCV\Simple\Debug\link.read.1.tlog
C:\Users\Jim\SourceCode\CPP\OpenCV\Simple\Debug\link.write.1.tlog
C:\Users\Jim\SourceCode\CPP\OpenCV\Simple\Debug\link-cvtres.read.1.tlog
C:\Users\Jim\SourceCode\CPP\OpenCV\Simple\Debug\link-cvtres.write.1.tlog
C:\Users\Jim\SourceCode\CPP\OpenCV\Simple\Debug\mt.command.1.tlog
C:\Users\Jim\SourceCode\CPP\OpenCV\Simple\Debug\mt.read.1.tlog
C:\Users\Jim\SourceCode\CPP\OpenCV\Simple\Debug\mt.write.1.tlog
C:\Users\Jim\SourceCode\CPP\OpenCV\Simple\Debug\rc.command.1.tlog
C:\Users\Jim\SourceCode\CPP\OpenCV\Simple\Debug\rc.read.1.tlog
C:\Users\Jim\SourceCode\CPP\OpenCV\Simple\Debug\rc.write.1.tlog
C:\USERS\JIM\SOURCECODE\CPP\OPENCV\SIMPLE\DEBUG\SIMPLE.EXE
C:\USERS\JIM\SOURCECODE\CPP\OPENCV\SIMPLE\DEBUG\SIMPLE.EXE.EMBED.MANIFEST
C:\USERS\JIM\SOURCECODE\CPP\OPENCV\SIMPLE\DEBUG\SIMPLE.EXE.EMBED.MANIFEST.RES
C:\USERS\JIM\SOURCECODE\CPP\OPENCV\SIMPLE\DEBUG\SIMPLE.EXE.INTERMEDIATE.MANIFEST
C:\USERS\JIM\SOURCECODE\CPP\OPENCV\SIMPLE\DEBUG\SIMPLE.ILK
C:\USERS\JIM\SOURCECODE\CPP\OPENCV\SIMPLE\DEBUG\SIMPLE.OBJ
C:\USERS\JIM\SOURCECODE\CPP\OPENCV\SIMPLE\DEBUG\SIMPLE.PDB
C:\Users\Jim\SourceCode\CPP\OpenCV\Simple\Debug\Simple_manifest.rc
C:\Users\Jim\SourceCode\CPP\OpenCV\Simple\Debug\vc100.idb
C:\USERS\JIM\SOURCECODE\CPP\OPENCV\SIMPLE\DEBUG\VC100.PDB
C:\Users\Jim\SourceCode\CPP\OpenCV\Simple\Debug\vc70.idb
C:\Users\Jim\SourceCode\CPP\OpenCV\Simple\Debug\vc70.pdb
Debug\Simple.ilk
Debug\Simple.pdb
