Build started 10/14/2010 9:25:38 PM.
     1>Project "C:\Users\Jim\SourceCode\CPP\OpenCV\ConvertImage\ConvertImage.vcxproj" on node 2 (build target(s)).
     1>InitializeBuildStatus:
         Creating "Debug\ConvertImage.unsuccessfulbuild" because "AlwaysCreate" was specified.
       ClCompile:
         C:\Program Files (x86)\Microsoft Visual Studio 10.0\VC\bin\CL.exe /c /ZI /nologo /W3 /WX- /Od /Oy- /D WIN32 /D _DEBUG /D _CONSOLE /D _MBCS /Gm /EHsc /RTC1 /MTd /GS /fp:precise /Zc:wchar_t /Zc:forScope /Fo"Debug\\" /Fd"Debug\vc100.pdb" /Gd /TP /analyze- /errorReport:prompt ConvertImage.cpp
         ConvertImage.cpp
       ManifestResourceCompile:
         All outputs are up-to-date.
       Link:
         C:\Program Files (x86)\Microsoft Visual Studio 10.0\VC\bin\link.exe /ERRORREPORT:PROMPT /OUT:"Debug\ConvertImage.exe" /INCREMENTAL /NOLOGO cv.lib highgui.lib cvaux.lib ml.lib cxcore.lib kernel32.lib user32.lib gdi32.lib winspool.lib comdlg32.lib advapi32.lib shell32.lib ole32.lib oleaut32.lib uuid.lib odbc32.lib odbccp32.lib /MANIFEST /ManifestFile:"Debug\ConvertImage.exe.intermediate.manifest" /MANIFESTUAC:"level='asInvoker' uiAccess='false'" /DEBUG /PDB:"Debug\ConvertImage.pdb" /SUBSYSTEM:CONSOLE /TLBID:1 /DYNAMICBASE /NXCOMPAT /IMPLIB:"Debug\ConvertImage.lib" /MACHINE:X86 Debug\ConvertImage.exe.embed.manifest.res
         Debug\ConvertImage.obj
       Manifest:
         C:\Program Files (x86)\Microsoft SDKs\Windows\v7.0A\bin\mt.exe /nologo /verbose /out:"Debug\ConvertImage.exe.embed.manifest" /manifest Debug\ConvertImage.exe.intermediate.manifest
         All outputs are up-to-date.
       LinkEmbedManifest:
         All outputs are up-to-date.
         ConvertImage.vcxproj -> C:\Users\Jim\SourceCode\CPP\OpenCV\ConvertImage\Debug\ConvertImage.exe
       FinalizeBuildStatus:
         Deleting file "Debug\ConvertImage.unsuccessfulbuild".
         Touching "Debug\ConvertImage.lastbuildstate".
     1>Done Building Project "C:\Users\Jim\SourceCode\CPP\OpenCV\ConvertImage\ConvertImage.vcxproj" (build target(s)).

Build succeeded.

Time Elapsed 00:00:01.87
