Build started 10/14/2010 9:28:25 PM.
     1>Project "C:\Users\Jim\SourceCode\CPP\OpenCV\Threshhold\Threshhold.vcxproj" on node 2 (build target(s)).
     1>InitializeBuildStatus:
         Creating "Debug\Threshhold.unsuccessfulbuild" because "AlwaysCreate" was specified.
       ClCompile:
         C:\Program Files (x86)\Microsoft Visual Studio 10.0\VC\bin\CL.exe /c /ZI /nologo /W3 /WX- /Od /Oy- /D WIN32 /D _DEBUG /D _CONSOLE /D _MBCS /Gm /EHsc /RTC1 /MTd /GS /fp:precise /Zc:wchar_t /Zc:forScope /Fo"Debug\\" /Fd"Debug\vc100.pdb" /Gd /TP /analyze- /errorReport:prompt Threshhold.cpp
         Threshhold.cpp
     1>c:\users\jim\sourcecode\cpp\opencv\threshhold\threshhold.cpp(1): warning C4068: unknown pragma
       ManifestResourceCompile:
         C:\Program Files (x86)\Microsoft SDKs\Windows\v7.0A\bin\rc.exe /nologo /fo"Debug\Threshhold.exe.embed.manifest.res" Debug\Threshhold_manifest.rc 
       Link:
         C:\Program Files (x86)\Microsoft Visual Studio 10.0\VC\bin\link.exe /ERRORREPORT:PROMPT /OUT:"Debug\Threshhold.exe" /INCREMENTAL /NOLOGO cv.lib highgui.lib cvaux.lib ml.lib cxcore.lib kernel32.lib user32.lib gdi32.lib winspool.lib comdlg32.lib advapi32.lib shell32.lib ole32.lib oleaut32.lib uuid.lib odbc32.lib odbccp32.lib /MANIFEST /ManifestFile:"Debug\Threshhold.exe.intermediate.manifest" /MANIFESTUAC:"level='asInvoker' uiAccess='false'" /DEBUG /PDB:"Debug\Threshhold.pdb" /SUBSYSTEM:CONSOLE /TLBID:1 /DYNAMICBASE /NXCOMPAT /IMPLIB:"Debug\Threshhold.lib" /MACHINE:X86 Debug\Threshhold.exe.embed.manifest.res
         Debug\Threshhold.obj
     1>LINK : warning LNK4076: invalid incremental status file 'Debug\Threshhold.ilk' (which will be deleted); linking nonincrementally
       Manifest:
         C:\Program Files (x86)\Microsoft SDKs\Windows\v7.0A\bin\mt.exe /nologo /verbose /out:"Debug\Threshhold.exe.embed.manifest" /manifest Debug\Threshhold.exe.intermediate.manifest
         C:\Program Files (x86)\Microsoft SDKs\Windows\v7.0A\bin\rc.exe /nologo /fo"Debug\Threshhold.exe.embed.manifest.res" Debug\Threshhold_manifest.rc 
       LinkEmbedManifest:
         C:\Program Files (x86)\Microsoft Visual Studio 10.0\VC\bin\link.exe /ERRORREPORT:PROMPT /OUT:"Debug\Threshhold.exe" /INCREMENTAL /NOLOGO cv.lib highgui.lib cvaux.lib ml.lib cxcore.lib kernel32.lib user32.lib gdi32.lib winspool.lib comdlg32.lib advapi32.lib shell32.lib ole32.lib oleaut32.lib uuid.lib odbc32.lib odbccp32.lib /MANIFEST /ManifestFile:"Debug\Threshhold.exe.intermediate.manifest" /MANIFESTUAC:"level='asInvoker' uiAccess='false'" /DEBUG /PDB:"Debug\Threshhold.pdb" /SUBSYSTEM:CONSOLE /TLBID:1 /DYNAMICBASE /NXCOMPAT /IMPLIB:"Debug\Threshhold.lib" /MACHINE:X86 Debug\Threshhold.exe.embed.manifest.res
         Debug\Threshhold.obj
         Threshhold.vcxproj -> C:\Users\Jim\SourceCode\CPP\OpenCV\Threshhold\Debug\Threshhold.exe
       FinalizeBuildStatus:
         Deleting file "Debug\Threshhold.unsuccessfulbuild".
         Touching "Debug\Threshhold.lastbuildstate".
     1>Done Building Project "C:\Users\Jim\SourceCode\CPP\OpenCV\Threshhold\Threshhold.vcxproj" (build target(s)).

Build succeeded.

Time Elapsed 00:00:02.40
